c:\users\lapto\onedrive\năm 3\oop\banking-system\banking-system\x64\debug\vc143.pdb
c:\users\lapto\onedrive\năm 3\oop\banking-system\banking-system\x64\debug\.netframework,version=v4.8.assemblyattributes.obj
c:\users\lapto\onedrive\năm 3\oop\banking-system\banking-system\x64\debug\register.obj
c:\users\lapto\onedrive\năm 3\oop\banking-system\banking-system\x64\debug\program.obj
c:\users\lapto\onedrive\năm 3\oop\banking-system\banking-system\x64\debug\myform.obj
c:\users\lapto\onedrive\năm 3\oop\banking-system\banking-system\x64\debug\login.obj
c:\users\lapto\onedrive\năm 3\oop\banking-system\banking-system\x64\debug\human.obj
c:\users\lapto\onedrive\năm 3\oop\banking-system\banking-system\x64\debug\customer.obj
c:\users\lapto\onedrive\năm 3\oop\banking-system\banking-system\x64\debug\mainclient.obj
c:\users\lapto\onedrive\năm 3\oop\banking-system\banking-system\x64\debug\admin.obj
c:\users\lapto\onedrive\năm 3\oop\banking-system\x64\debug\bankingsystem.exe
c:\users\lapto\onedrive\năm 3\oop\banking-system\x64\debug\bankingsystem.pdb
c:\users\lapto\onedrive\năm 3\oop\banking-system\banking-system\x64\debug\login-msi.obj
c:\users\lapto\onedrive\năm 3\oop\banking-system\banking-system\x64\debug\myform-msi.obj
c:\users\lapto\onedrive\năm 3\oop\banking-system\banking-system\x64\debug\program-msi.obj
c:\users\lapto\onedrive\năm 3\oop\banking-system\banking-system\x64\debug\vc143-msi.pdb
c:\users\lapto\onedrive\năm 3\oop\banking-system\banking-system\x64\debug\bankingsystem.tlog\cl.command.1-msi.tlog
c:\users\lapto\onedrive\năm 3\oop\banking-system\banking-system\x64\debug\bankingsystem.tlog\cl.command.1.tlog
c:\users\lapto\onedrive\năm 3\oop\banking-system\banking-system\x64\debug\bankingsystem.tlog\cl.items-msi.tlog
c:\users\lapto\onedrive\năm 3\oop\banking-system\banking-system\x64\debug\bankingsystem.tlog\cl.items.tlog
c:\users\lapto\onedrive\năm 3\oop\banking-system\banking-system\x64\debug\bankingsystem.tlog\cl.read.1-msi.tlog
c:\users\lapto\onedrive\năm 3\oop\banking-system\banking-system\x64\debug\bankingsystem.tlog\cl.write.1-msi.tlog
c:\users\lapto\onedrive\năm 3\oop\banking-system\banking-system\x64\debug\bankingsystem.tlog\link.command.1-msi.tlog
c:\users\lapto\onedrive\năm 3\oop\banking-system\banking-system\x64\debug\bankingsystem.tlog\link.command.1.tlog
c:\users\lapto\onedrive\năm 3\oop\banking-system\banking-system\x64\debug\bankingsystem.tlog\link.read.1-msi.tlog
c:\users\lapto\onedrive\năm 3\oop\banking-system\banking-system\x64\debug\bankingsystem.tlog\link.secondary.1-msi.tlog
c:\users\lapto\onedrive\năm 3\oop\banking-system\banking-system\x64\debug\bankingsystem.tlog\link.secondary.1.tlog
c:\users\lapto\onedrive\năm 3\oop\banking-system\banking-system\x64\debug\bankingsystem.tlog\link.write.1-msi.tlog
c:\users\lapto\onedrive\năm 3\oop\banking-system\banking-system\x64\debug\bankingsystem.tlog\metagen.read.1.tlog
c:\users\lapto\onedrive\năm 3\oop\banking-system\banking-system\x64\debug\bankingsystem.tlog\metagen.write.1.tlog
c:\users\lapto\onedrive\năm 3\oop\banking-system\banking-system\x64\debug\bankingsystem.tlog\resgen.command.1.tlog
c:\users\lapto\onedrive\năm 3\oop\banking-system\banking-system\x64\debug\bankingsystem.tlog\resgen.read.1.tlog
c:\users\lapto\onedrive\năm 3\oop\banking-system\banking-system\x64\debug\bankingsystem.tlog\resgen.write.1.tlog
